<?xml version="1.0" encoding="utf-8"?><testsuites name="pytest tests"><testsuite name="pytest" errors="0" failures="1" skipped="0" tests="12" time="0.036" timestamp="2026-09-24T04:30:36.683234-07:00" hostname="omnia"><testcase classname="tests.test_suite" name="test_populate_cache_first" time="0.000" /><testcase classname="tests.test_suite" name="test_sorted_is_stable" time="0.000" /><testcase classname="tests.test_suite" name="test_probabilistic_threshold" time="0.000" /><testcase classname="tests.test_suite" name="test_string_split" time="0.000" /><testcase classname="tests.test_suite" name="test_reads_cache_depends_on_order" time="0.000" /><testcase classname="tests.test_suite" name="test_list_comprehension" time="0.001" /><testcase classname="tests.test_suite" name="test_regression_after_commit" time="0.000"><failure message="Failed: off-by-one regression introduced at commit 130">def test_regression_after_commit() -&gt; None:
        seq = int(os.environ.get("FLAKEMAP_DEMO_COMMIT_SEQ", "0"))
        if seq &gt;= BUG_INTRODUCED_AT:
&gt;           pytest.fail(f"off-by-one regression introduced at commit {BUG_INTRODUCED_AT}")
E           Failed: off-by-one regression introduced at commit 130

tests/test_suite.py:117: Failed</failure></testcase><testcase classname="tests.test_suite" name="test_sleep_a_bit" time="0.004" /><testcase classname="tests.test_suite" name="test_string_formatting" time="0.000" /><testcase classname="tests.test_suite" name="test_addition" time="0.000" /><testcase classname="tests.test_suite" name="test_dict_merge" time="0.000" /><testcase classname="tests.test_suite" name="test_tight_timeout_race" time="0.009" /></testsuite></testsuites>